android/app/build/intermediates/manifest_merge_blame_file/release/processReleaseMainManifest/manifest-merger-blame-release-report.txt
1<?xml version="1.0" encoding="utf-8"?>
2<manifest xmlns:android="http://schemas.android.com/apk/res/android"
3    package="com.lovable.callcreateconnect"
4    android:versionCode="1"
5    android:versionName="1.0" >
6
7    <uses-sdk
8        android:minSdkVersion="22"
9        android:targetSdkVersion="35" />
10
11    <!-- Permissions -->
12    <uses-permission android:name="android.permission.INTERNET" />
12-->src/main/AndroidManifest.xml:7:5-67
12-->src/main/AndroidManifest.xml:7:22-64
13    <uses-permission android:name="android.permission.ACCESS_NETWORK_STATE" />
13-->src/main/AndroidManifest.xml:8:5-79
13-->src/main/AndroidManifest.xml:8:22-76
14    <uses-permission android:name="android.permission.CAMERA" />
14-->src/main/AndroidManifest.xml:9:5-65
14-->src/main/AndroidManifest.xml:9:22-62
15    <uses-permission android:name="android.permission.RECORD_AUDIO" />
15-->src/main/AndroidManifest.xml:10:5-71
15-->src/main/AndroidManifest.xml:10:22-68
16    <uses-permission android:name="android.permission.ACCESS_FINE_LOCATION" />
16-->src/main/AndroidManifest.xml:11:5-79
16-->src/main/AndroidManifest.xml:11:22-76
17    <uses-permission android:name="android.permission.ACCESS_COARSE_LOCATION" />
17-->src/main/AndroidManifest.xml:12:5-81
17-->src/main/AndroidManifest.xml:12:22-78
18    <uses-permission android:name="android.permission.VIBRATE" />
18-->src/main/AndroidManifest.xml:13:5-66
18-->src/main/AndroidManifest.xml:13:22-63
19    <uses-permission android:name="android.permission.WAKE_LOCK" />
19-->src/main/AndroidManifest.xml:14:5-68
19-->src/main/AndroidManifest.xml:14:22-65
20    <uses-permission android:name="android.permission.RECEIVE_BOOT_COMPLETED" />
20-->src/main/AndroidManifest.xml:15:5-81
20-->src/main/AndroidManifest.xml:15:22-78
21
22    <!-- Features -->
23    <uses-feature
23-->src/main/AndroidManifest.xml:18:5-85
24        android:name="android.hardware.camera"
24-->src/main/AndroidManifest.xml:18:19-57
25        android:required="false" />
25-->src/main/AndroidManifest.xml:18:58-82
26    <uses-feature
26-->src/main/AndroidManifest.xml:19:5-95
27        android:name="android.hardware.camera.autofocus"
27-->src/main/AndroidManifest.xml:19:19-67
28        android:required="false" />
28-->src/main/AndroidManifest.xml:19:68-92
29    <uses-feature
29-->src/main/AndroidManifest.xml:20:5-89
30        android:name="android.hardware.microphone"
30-->src/main/AndroidManifest.xml:20:19-61
31        android:required="false" />
31-->src/main/AndroidManifest.xml:20:62-86
32    <uses-feature
32-->src/main/AndroidManifest.xml:21:5-87
33        android:name="android.hardware.location"
33-->src/main/AndroidManifest.xml:21:19-59
34        android:required="false" />
34-->src/main/AndroidManifest.xml:21:60-84
35    <uses-feature
35-->src/main/AndroidManifest.xml:22:5-91
36        android:name="android.hardware.location.gps"
36-->src/main/AndroidManifest.xml:22:19-63
37        android:required="false" />
37-->src/main/AndroidManifest.xml:22:64-88
38    <uses-feature
38-->src/main/AndroidManifest.xml:23:5-90
39        android:name="android.hardware.touchscreen"
39-->src/main/AndroidManifest.xml:23:19-62
40        android:required="false" />
40-->src/main/AndroidManifest.xml:23:63-87
41    <uses-feature
41-->src/main/AndroidManifest.xml:24:5-83
42        android:name="android.hardware.wifi"
42-->src/main/AndroidManifest.xml:24:19-55
43        android:required="false" />
43-->src/main/AndroidManifest.xml:24:56-80
44
45    <permission
45-->[androidx.core:core:1.15.0] AndroidManifest.xml:22:5-24:47
46        android:name="com.lovable.callcreateconnect.DYNAMIC_RECEIVER_NOT_EXPORTED_PERMISSION"
46-->[androidx.core:core:1.15.0] AndroidManifest.xml:23:9-81
47        android:protectionLevel="signature" />
47-->[androidx.core:core:1.15.0] AndroidManifest.xml:24:9-44
48
49    <uses-permission android:name="com.lovable.callcreateconnect.DYNAMIC_RECEIVER_NOT_EXPORTED_PERMISSION" />
49-->[androidx.core:core:1.15.0] AndroidManifest.xml:26:5-97
49-->[androidx.core:core:1.15.0] AndroidManifest.xml:26:22-94
50
51    <application
51-->src/main/AndroidManifest.xml:26:5-97:19
52        android:name="com.lovable.callcreateconnect.MainApplication"
52-->src/main/AndroidManifest.xml:27:9-69
53        android:allowBackup="true"
53-->src/main/AndroidManifest.xml:28:9-35
54        android:appComponentFactory="androidx.core.app.CoreComponentFactory"
54-->[androidx.core:core:1.15.0] AndroidManifest.xml:28:18-86
55        android:extractNativeLibs="true"
56        android:hardwareAccelerated="true"
56-->src/main/AndroidManifest.xml:36:9-43
57        android:icon="@mipmap/ic_launcher"
57-->src/main/AndroidManifest.xml:29:9-43
58        android:label="@string/app_name"
58-->src/main/AndroidManifest.xml:31:9-41
59        android:largeHeap="true"
59-->src/main/AndroidManifest.xml:37:9-33
60        android:networkSecurityConfig="@xml/network_security_config"
60-->src/main/AndroidManifest.xml:34:9-69
61        android:requestLegacyExternalStorage="false"
61-->src/main/AndroidManifest.xml:35:9-53
62        android:roundIcon="@mipmap/ic_launcher"
62-->src/main/AndroidManifest.xml:30:9-48
63        android:supportsRtl="true"
63-->src/main/AndroidManifest.xml:38:9-35
64        android:theme="@style/AppTheme"
64-->src/main/AndroidManifest.xml:32:9-40
65        android:usesCleartextTraffic="false" >
65-->src/main/AndroidManifest.xml:33:9-45
66
67        <!-- Main Activity -->
68        <activity
68-->src/main/AndroidManifest.xml:42:9-72:20
69            android:name="com.lovable.callcreateconnect.MainActivity"
69-->src/main/AndroidManifest.xml:43:13-70
70            android:configChanges="orientation|keyboardHidden|keyboard|screenSize|locale|smallestScreenSize|screenLayout|uiMode"
70-->src/main/AndroidManifest.xml:49:13-129
71            android:exported="true"
71-->src/main/AndroidManifest.xml:44:13-36
72            android:launchMode="singleTask"
72-->src/main/AndroidManifest.xml:45:13-44
73            android:screenOrientation="portrait"
73-->src/main/AndroidManifest.xml:48:13-49
74            android:theme="@style/AppTheme.NoActionBarLaunch"
74-->src/main/AndroidManifest.xml:46:13-62
75            android:windowSoftInputMode="adjustResize" >
75-->src/main/AndroidManifest.xml:47:13-55
76            <intent-filter android:autoVerify="true" >
76-->src/main/AndroidManifest.xml:51:13-54:29
76-->src/main/AndroidManifest.xml:51:28-53
77                <action android:name="android.intent.action.MAIN" />
77-->src/main/AndroidManifest.xml:52:17-69
77-->src/main/AndroidManifest.xml:52:25-66
78
79                <category android:name="android.intent.category.LAUNCHER" />
79-->src/main/AndroidManifest.xml:53:17-77
79-->src/main/AndroidManifest.xml:53:27-74
80            </intent-filter>
81
82            <!-- Deep Links -->
83            <intent-filter android:autoVerify="true" >
83-->src/main/AndroidManifest.xml:57:13-62:29
83-->src/main/AndroidManifest.xml:57:28-53
84                <action android:name="android.intent.action.VIEW" />
84-->src/main/AndroidManifest.xml:58:17-69
84-->src/main/AndroidManifest.xml:58:25-66
85
86                <category android:name="android.intent.category.DEFAULT" />
86-->src/main/AndroidManifest.xml:59:17-76
86-->src/main/AndroidManifest.xml:59:27-73
87                <category android:name="android.intent.category.BROWSABLE" />
87-->src/main/AndroidManifest.xml:60:17-78
87-->src/main/AndroidManifest.xml:60:27-75
88
89                <data android:scheme="eezybuild" />
89-->src/main/AndroidManifest.xml:61:17-52
89-->src/main/AndroidManifest.xml:61:23-49
90            </intent-filter>
91
92            <!-- HTTPS Deep Links -->
93            <intent-filter android:autoVerify="true" >
93-->src/main/AndroidManifest.xml:65:13-71:29
93-->src/main/AndroidManifest.xml:65:28-53
94                <action android:name="android.intent.action.VIEW" />
94-->src/main/AndroidManifest.xml:58:17-69
94-->src/main/AndroidManifest.xml:58:25-66
95
96                <category android:name="android.intent.category.DEFAULT" />
96-->src/main/AndroidManifest.xml:59:17-76
96-->src/main/AndroidManifest.xml:59:27-73
97                <category android:name="android.intent.category.BROWSABLE" />
97-->src/main/AndroidManifest.xml:60:17-78
97-->src/main/AndroidManifest.xml:60:27-75
98
99                <data
99-->src/main/AndroidManifest.xml:61:17-52
100                    android:host="eezybuild.com"
100-->src/main/AndroidManifest.xml:70:23-51
101                    android:scheme="https" />
101-->src/main/AndroidManifest.xml:61:23-49
102            </intent-filter>
103        </activity>
104
105        <!-- File Provider for Camera -->
106        <provider
106-->src/main/AndroidManifest.xml:75:9-83:20
107            android:name="androidx.core.content.FileProvider"
107-->src/main/AndroidManifest.xml:76:13-62
108            android:authorities="com.lovable.callcreateconnect.fileprovider"
108-->src/main/AndroidManifest.xml:77:13-77
109            android:exported="false"
109-->src/main/AndroidManifest.xml:78:13-37
110            android:grantUriPermissions="true" >
110-->src/main/AndroidManifest.xml:79:13-47
111            <meta-data
111-->src/main/AndroidManifest.xml:80:13-82:54
112                android:name="android.support.FILE_PROVIDER_PATHS"
112-->src/main/AndroidManifest.xml:81:17-67
113                android:resource="@xml/file_paths" />
113-->src/main/AndroidManifest.xml:82:17-51
114        </provider>
115
116        <!-- Service for background tasks -->
117        <service
117-->src/main/AndroidManifest.xml:86:9-89:40
118            android:name="com.capacitorjs.plugins.background.BackgroundService"
118-->src/main/AndroidManifest.xml:87:13-80
119            android:enabled="true"
119-->src/main/AndroidManifest.xml:88:13-35
120            android:exported="false" />
120-->src/main/AndroidManifest.xml:89:13-37
121
122        <!-- Notification metadata -->
123        <!-- Default notification icon/color removed to avoid missing resources -->
124
125
126        <!-- Disable Firebase Analytics automatic collection -->
127        <meta-data
127-->src/main/AndroidManifest.xml:95:9-100
128            android:name="firebase_analytics_collection_deactivated"
128-->src/main/AndroidManifest.xml:95:20-76
129            android:value="true" />
129-->src/main/AndroidManifest.xml:95:77-97
130
131        <provider
131-->[androidx.emoji2:emoji2:1.2.0] AndroidManifest.xml:24:9-32:20
132            android:name="androidx.startup.InitializationProvider"
132-->[androidx.emoji2:emoji2:1.2.0] AndroidManifest.xml:25:13-67
133            android:authorities="com.lovable.callcreateconnect.androidx-startup"
133-->[androidx.emoji2:emoji2:1.2.0] AndroidManifest.xml:26:13-68
134            android:exported="false" >
134-->[androidx.emoji2:emoji2:1.2.0] AndroidManifest.xml:27:13-37
135            <meta-data
135-->[androidx.emoji2:emoji2:1.2.0] AndroidManifest.xml:29:13-31:52
136                android:name="androidx.emoji2.text.EmojiCompatInitializer"
136-->[androidx.emoji2:emoji2:1.2.0] AndroidManifest.xml:30:17-75
137                android:value="androidx.startup" />
137-->[androidx.emoji2:emoji2:1.2.0] AndroidManifest.xml:31:17-49
138            <meta-data
138-->[androidx.lifecycle:lifecycle-process:2.6.2] AndroidManifest.xml:29:13-31:52
139                android:name="androidx.lifecycle.ProcessLifecycleInitializer"
139-->[androidx.lifecycle:lifecycle-process:2.6.2] AndroidManifest.xml:30:17-78
140                android:value="androidx.startup" />
140-->[androidx.lifecycle:lifecycle-process:2.6.2] AndroidManifest.xml:31:17-49
141            <meta-data
141-->[androidx.profileinstaller:profileinstaller:1.3.1] AndroidManifest.xml:29:13-31:52
142                android:name="androidx.profileinstaller.ProfileInstallerInitializer"
142-->[androidx.profileinstaller:profileinstaller:1.3.1] AndroidManifest.xml:30:17-85
143                android:value="androidx.startup" />
143-->[androidx.profileinstaller:profileinstaller:1.3.1] AndroidManifest.xml:31:17-49
144        </provider>
145
146        <receiver
146-->[androidx.profileinstaller:profileinstaller:1.3.1] AndroidManifest.xml:34:9-52:20
147            android:name="androidx.profileinstaller.ProfileInstallReceiver"
147-->[androidx.profileinstaller:profileinstaller:1.3.1] AndroidManifest.xml:35:13-76
148            android:directBootAware="false"
148-->[androidx.profileinstaller:profileinstaller:1.3.1] AndroidManifest.xml:36:13-44
149            android:enabled="true"
149-->[androidx.profileinstaller:profileinstaller:1.3.1] AndroidManifest.xml:37:13-35
150            android:exported="true"
150-->[androidx.profileinstaller:profileinstaller:1.3.1] AndroidManifest.xml:38:13-36
151            android:permission="android.permission.DUMP" >
151-->[androidx.profileinstaller:profileinstaller:1.3.1] AndroidManifest.xml:39:13-57
152            <intent-filter>
152-->[androidx.profileinstaller:profileinstaller:1.3.1] AndroidManifest.xml:40:13-42:29
153                <action android:name="androidx.profileinstaller.action.INSTALL_PROFILE" />
153-->[androidx.profileinstaller:profileinstaller:1.3.1] AndroidManifest.xml:41:17-91
153-->[androidx.profileinstaller:profileinstaller:1.3.1] AndroidManifest.xml:41:25-88
154            </intent-filter>
155            <intent-filter>
155-->[androidx.profileinstaller:profileinstaller:1.3.1] AndroidManifest.xml:43:13-45:29
156                <action android:name="androidx.profileinstaller.action.SKIP_FILE" />
156-->[androidx.profileinstaller:profileinstaller:1.3.1] AndroidManifest.xml:44:17-85
156-->[androidx.profileinstaller:profileinstaller:1.3.1] AndroidManifest.xml:44:25-82
157            </intent-filter>
158            <intent-filter>
158-->[androidx.profileinstaller:profileinstaller:1.3.1] AndroidManifest.xml:46:13-48:29
159                <action android:name="androidx.profileinstaller.action.SAVE_PROFILE" />
159-->[androidx.profileinstaller:profileinstaller:1.3.1] AndroidManifest.xml:47:17-88
159-->[androidx.profileinstaller:profileinstaller:1.3.1] AndroidManifest.xml:47:25-85
160            </intent-filter>
161            <intent-filter>
161-->[androidx.profileinstaller:profileinstaller:1.3.1] AndroidManifest.xml:49:13-51:29
162                <action android:name="androidx.profileinstaller.action.BENCHMARK_OPERATION" />
162-->[androidx.profileinstaller:profileinstaller:1.3.1] AndroidManifest.xml:50:17-95
162-->[androidx.profileinstaller:profileinstaller:1.3.1] AndroidManifest.xml:50:25-92
163            </intent-filter>
164        </receiver>
165    </application>
166
167</manifest>